C:\USERS\PCC\DOCUMENTS\ADOBE AFTER EFFECTS CC 2017 WIN SDK\EXAMPLES\TEMPLATE\FOCUSPEAKING\WIN\X64\DEBUG\FOCUSPEAKING.BSC
C:\USERS\PCC\DOCUMENTS\ADOBE AFTER EFFECTS CC 2017 WIN SDK\EXAMPLES\TEMPLATE\FOCUSPEAKING\WIN\X64\DEBUG\AEGP_SUITEHANDLER.SBR
C:\USERS\PCC\DOCUMENTS\ADOBE AFTER EFFECTS CC 2017 WIN SDK\EXAMPLES\TEMPLATE\FOCUSPEAKING\WIN\X64\DEBUG\MISSINGSUITEERROR.SBR
C:\USERS\PCC\DOCUMENTS\ADOBE AFTER EFFECTS CC 2017 WIN SDK\EXAMPLES\TEMPLATE\FOCUSPEAKING\WIN\X64\DEBUG\FOCUSPEAKING.SBR
C:\USERS\PCC\DOCUMENTS\ADOBE AFTER EFFECTS CC 2017 WIN SDK\EXAMPLES\TEMPLATE\FOCUSPEAKING\WIN\X64\DEBUG\FOCUSPEAKING_STRINGS.SBR
C:\USERS\PCC\DOCUMENTS\ADOBE AFTER EFFECTS CC 2017 WIN SDK\EXAMPLES\TEMPLATE\FOCUSPEAKING\WIN\X64\DEBUG\FOCUSPEAKING_STRINGS.OBJ
C:\USERS\PCC\DOCUMENTS\ADOBE AFTER EFFECTS CC 2017 WIN SDK\EXAMPLES\TEMPLATE\FOCUSPEAKING\WIN\X64\DEBUG\FOCUSPEAKING.OBJ
C:\USERS\PCC\DOCUMENTS\ADOBE AFTER EFFECTS CC 2017 WIN SDK\EXAMPLES\TEMPLATE\FOCUSPEAKING\WIN\X64\DEBUG\MISSINGSUITEERROR.OBJ
C:\USERS\PCC\DOCUMENTS\ADOBE AFTER EFFECTS CC 2017 WIN SDK\EXAMPLES\TEMPLATE\FOCUSPEAKING\WIN\X64\DEBUG\AEGP_SUITEHANDLER.OBJ
C:\USERS\PCC\DOCUMENTS\ADOBE AFTER EFFECTS CC 2017 WIN SDK\EXAMPLES\TEMPLATE\FOCUSPEAKING\WIN\X64\DEBUG\VC110.PDB
C:\USERS\PCC\DOCUMENTS\ADOBE AFTER EFFECTS CC 2017 WIN SDK\EXAMPLES\TEMPLATE\FOCUSPEAKING\WIN\SKELETONPIPL.RC
C:\Users\PCC\Documents\Adobe After Effects CC 2017 Win SDK\Examples\Template\FocusPeaking\Win\x64\Debug\FocusPeaking.lib
C:\Users\PCC\Documents\Adobe After Effects CC 2017 Win SDK\Examples\Template\FocusPeaking\Win\x64\Debug\FocusPeaking.exp
C:\PROGRAM FILES\ADOBE\COMMON\PLUG-INS\7.0\MEDIACORE\FOCUSPEAKING.ILK
C:\PROGRAM FILES\ADOBE\COMMON\PLUG-INS\7.0\MEDIACORE\FOCUSPEAKING.AEX
C:\USERS\PCC\DOCUMENTS\ADOBE AFTER EFFECTS CC 2017 WIN SDK\EXAMPLES\TEMPLATE\FOCUSPEAKING\WIN\X64\DEBUG\FOCUSPEAKING.PDB
C:\USERS\PCC\DOCUMENTS\ADOBE AFTER EFFECTS CC 2017 WIN SDK\EXAMPLES\TEMPLATE\FOCUSPEAKING\WIN\X64\DEBUG\SKELETONPIPL.RES
C:\Users\PCC\Documents\Adobe After Effects CC 2017 Win SDK\Examples\Template\FocusPeaking\Win\x64\Debug\AEGP_SuiteHandler.obj
C:\Users\PCC\Documents\Adobe After Effects CC 2017 Win SDK\Examples\Template\FocusPeaking\Win\x64\Debug\FocusPeaking.obj
C:\Users\PCC\Documents\Adobe After Effects CC 2017 Win SDK\Examples\Template\FocusPeaking\Win\x64\Debug\FocusPeaking_Strings.obj
C:\Users\PCC\Documents\Adobe After Effects CC 2017 Win SDK\Examples\Template\FocusPeaking\Win\x64\Debug\MissingSuiteError.obj
C:\Users\PCC\Documents\Adobe After Effects CC 2017 Win SDK\Examples\Template\FocusPeaking\Win\x64\Debug\BscMake.command.1.tlog
C:\Users\PCC\Documents\Adobe After Effects CC 2017 Win SDK\Examples\Template\FocusPeaking\Win\x64\Debug\bscmake.read.1.tlog
C:\Users\PCC\Documents\Adobe After Effects CC 2017 Win SDK\Examples\Template\FocusPeaking\Win\x64\Debug\bscmake.write.1.tlog
C:\Users\PCC\Documents\Adobe After Effects CC 2017 Win SDK\Examples\Template\FocusPeaking\Win\x64\Debug\cl.command.1.tlog
C:\Users\PCC\Documents\Adobe After Effects CC 2017 Win SDK\Examples\Template\FocusPeaking\Win\x64\Debug\CL.read.1.tlog
C:\Users\PCC\Documents\Adobe After Effects CC 2017 Win SDK\Examples\Template\FocusPeaking\Win\x64\Debug\CL.write.1.tlog
C:\Users\PCC\Documents\Adobe After Effects CC 2017 Win SDK\Examples\Template\FocusPeaking\Win\x64\Debug\custombuild.command.1.tlog
C:\Users\PCC\Documents\Adobe After Effects CC 2017 Win SDK\Examples\Template\FocusPeaking\Win\x64\Debug\custombuild.read.1.tlog
C:\Users\PCC\Documents\Adobe After Effects CC 2017 Win SDK\Examples\Template\FocusPeaking\Win\x64\Debug\custombuild.write.1.tlog
C:\Users\PCC\Documents\Adobe After Effects CC 2017 Win SDK\Examples\Template\FocusPeaking\Win\x64\Debug\FocusPeaking.write.1.tlog
C:\Users\PCC\Documents\Adobe After Effects CC 2017 Win SDK\Examples\Template\FocusPeaking\Win\x64\Debug\link-cvtres.read.1.tlog
C:\Users\PCC\Documents\Adobe After Effects CC 2017 Win SDK\Examples\Template\FocusPeaking\Win\x64\Debug\link-cvtres.write.1.tlog
C:\Users\PCC\Documents\Adobe After Effects CC 2017 Win SDK\Examples\Template\FocusPeaking\Win\x64\Debug\link-rc.read.1.tlog
C:\Users\PCC\Documents\Adobe After Effects CC 2017 Win SDK\Examples\Template\FocusPeaking\Win\x64\Debug\link-rc.write.1.tlog
C:\Users\PCC\Documents\Adobe After Effects CC 2017 Win SDK\Examples\Template\FocusPeaking\Win\x64\Debug\link.command.1.tlog
C:\Users\PCC\Documents\Adobe After Effects CC 2017 Win SDK\Examples\Template\FocusPeaking\Win\x64\Debug\link.read.1.tlog
C:\Users\PCC\Documents\Adobe After Effects CC 2017 Win SDK\Examples\Template\FocusPeaking\Win\x64\Debug\link.write.1.tlog
C:\Users\PCC\Documents\Adobe After Effects CC 2017 Win SDK\Examples\Template\FocusPeaking\Win\x64\Debug\rc.command.1.tlog
C:\Users\PCC\Documents\Adobe After Effects CC 2017 Win SDK\Examples\Template\FocusPeaking\Win\x64\Debug\rc.read.1.tlog
C:\Users\PCC\Documents\Adobe After Effects CC 2017 Win SDK\Examples\Template\FocusPeaking\Win\x64\Debug\rc.write.1.tlog
C:\Users\PCC\Documents\Adobe After Effects CC 2017 Win SDK\Examples\Template\FocusPeaking\Win\x64\Debug\SkeletonPiPL.res
C:\Users\PCC\Documents\Adobe After Effects CC 2017 Win SDK\Examples\Template\FocusPeaking\Win\x64\Debug\FocusPeaking.pdb
C:\Users\PCC\Documents\Adobe After Effects CC 2017 Win SDK\Examples\Template\FocusPeaking\Win\x64\Debug\vc110.pdb
C:\Users\PCC\Documents\Adobe After Effects CC 2017 Win SDK\Examples\Template\FocusPeaking\Win\x64\Debug\FocusPeaking.bsc
C:\Users\PCC\Documents\Adobe After Effects CC 2017 Win SDK\Examples\Template\FocusPeaking\Win\x64\Debug\AEGP_SuiteHandler.sbr
C:\Users\PCC\Documents\Adobe After Effects CC 2017 Win SDK\Examples\Template\FocusPeaking\Win\x64\Debug\FocusPeaking.sbr
C:\Users\PCC\Documents\Adobe After Effects CC 2017 Win SDK\Examples\Template\FocusPeaking\Win\x64\Debug\FocusPeaking_Strings.sbr
C:\Users\PCC\Documents\Adobe After Effects CC 2017 Win SDK\Examples\Template\FocusPeaking\Win\x64\Debug\MissingSuiteError.sbr
C:\Program Files\Adobe\Common\Plug-ins\7.0\MediaCore\FocusPeaking.pdb
C:\Program Files\Adobe\Common\Plug-ins\7.0\MediaCore\FocusPeaking.aex
C:\Program Files\Adobe\Common\Plug-ins\7.0\MediaCore\FocusPeaking.ilk
